src/app/agent-monitor/page.tsx(4,24): error TS2307: Cannot find module '@/components/ui/Button' or its corresponding type declarations.
src/app/create-token/page.tsx(4,24): error TS2307: Cannot find module '@/components/ui/Button' or its corresponding type declarations.
src/app/dashboard/page.tsx(6,24): error TS2307: Cannot find module '@/components/ui/Button' or its corresponding type declarations.
src/app/presale/[id]/page.tsx(12,24): error TS2307: Cannot find module '@/components/ui/Button' or its corresponding type declarations.
src/app/real-progress/page.tsx(3,24): error TS2307: Cannot find module '@/components/ui/Button' or its corresponding type declarations.
src/app/staking/page.tsx(5,24): error TS2307: Cannot find module '@/components/ui/Button' or its corresponding type declarations.
src/components/admin/AdminNavigation.tsx(3,24): error TS2307: Cannot find module '@/components/ui/Button' or its corresponding type declarations.
src/components/admin/AdminPresaleReview.tsx(3,24): error TS2307: Cannot find module '@/components/ui/Button' or its corresponding type declarations.
src/components/create/CreatePresaleForm.tsx(3,24): error TS2307: Cannot find module '@/components/ui/Button' or its corresponding type declarations.
src/components/create/steps/MilestoneTemplateStep.tsx(3,24): error TS2307: Cannot find module '@/components/ui/Button' or its corresponding type declarations.
src/components/create/steps/PresaleSetupStep.tsx(3,24): error TS2307: Cannot find module '@/components/ui/Button' or its corresponding type declarations.
src/components/create/steps/SecurityReviewStep.tsx(5,24): error TS2307: Cannot find module '@/components/ui/Button' or its corresponding type declarations.
src/components/dashboard/CreatorDashboard.tsx(3,24): error TS2307: Cannot find module '@/components/ui/Button' or its corresponding type declarations.
src/components/debug/ManualMetaMaskConnector.tsx(3,24): error TS2307: Cannot find module '@/components/ui/Button' or its corresponding type declarations.
src/components/debug/WalletDetector.tsx(3,24): error TS2307: Cannot find module '@/components/ui/Button' or its corresponding type declarations.
src/components/locks/CreateTokenLock.tsx(3,24): error TS2307: Cannot find module '@/components/ui/Button' or its corresponding type declarations.
src/components/locks/TokenLockManager.tsx(3,24): error TS2307: Cannot find module '@/components/ui/Button' or its corresponding type declarations.
src/components/presale/MilestoneDashboard.tsx(4,24): error TS2307: Cannot find module '@/components/ui/Button' or its corresponding type declarations.
src/components/presale/PresaleCard.tsx(3,24): error TS2307: Cannot find module '@/components/ui/Button' or its corresponding type declarations.
src/components/presale/PresaleComments.tsx(3,24): error TS2307: Cannot find module '@/components/ui/Button' or its corresponding type declarations.
src/components/presale/PresaleCommitment.tsx(5,24): error TS2307: Cannot find module '@/components/ui/Button' or its corresponding type declarations.
src/components/presale/PresaleDetail.tsx(4,24): error TS2307: Cannot find module '@/components/ui/Button' or its corresponding type declarations.
src/components/presale/PresaleFilters.tsx(3,24): error TS2307: Cannot find module '@/components/ui/Button' or its corresponding type declarations.
src/components/presale/PresaleInfo.tsx(3,24): error TS2307: Cannot find module '@/components/ui/Button' or its corresponding type declarations.
src/components/presale/QuestSection.tsx(3,24): error TS2307: Cannot find module '@/components/ui/Button' or its corresponding type declarations.
src/components/sections/HeroSection.tsx(3,24): error TS2307: Cannot find module '@/components/ui/Button' or its corresponding type declarations.
src/components/sections/PresalePreview.tsx(4,24): error TS2307: Cannot find module '@/components/ui/Button' or its corresponding type declarations.
src/components/test/PresaleCreationTest.tsx(4,24): error TS2307: Cannot find module '@/components/ui/Button' or its corresponding type declarations.
src/components/ui/SimpleWalletConnection.tsx(4,24): error TS2307: Cannot find module './Button' or its corresponding type declarations.
src/components/ui/WalletConnection.tsx(4,24): error TS2307: Cannot find module '@/components/ui/Button' or its corresponding type declarations.
src/components/wallet/XamanLoginModal.tsx(3,24): error TS2307: Cannot find module '@/components/ui/Button' or its corresponding type declarations.
src/components/web3/ConnectWallet.tsx(4,24): error TS2307: Cannot find module '@/components/ui/Button' or its corresponding type declarations.
src/components/web3/ConnectWallet.tsx(68,49): error TS2339: Property 'message' does not exist on type '{}'.
